{
  "RSpec": {
    "coverage": {
      "/Users/turing/Desktop/Turing/Mod2/projects/adopt_dont_shop_2003/config/environment.rb": [
        null,
        1,
        null,
        null,
        1
      ],
      "/Users/turing/Desktop/Turing/Mod2/projects/adopt_dont_shop_2003/config/application.rb": [
        1,
        null,
        1,
        null,
        1,
        1,
        1,
        1,
        1,
        1,
        1,
        1,
        null,
        null,
        null,
        null,
        1,
        null,
        1,
        1,
        null,
        1,
        null,
        null,
        null,
        null,
        null,
        null,
        1,
        null,
        null
      ],
      "/Users/turing/Desktop/Turing/Mod2/projects/adopt_dont_shop_2003/config/boot.rb": [
        1,
        null,
        1
      ],
      "/Users/turing/Desktop/Turing/Mod2/projects/adopt_dont_shop_2003/config/environments/test.rb": [
        1,
        null,
        null,
        null,
        null,
        null,
        null,
        1,
        null,
        null,
        null,
        null,
        1,
        null,
        null,
        1,
        1,
        null,
        null,
        null,
        null,
        1,
        1,
        null,
        null,
        1,
        null,
        null,
        1,
        1,
        null,
        null,
        null,
        null,
        1,
        null,
        null,
        1,
        null,
        null,
        null,
        null
      ],
      "/Users/turing/Desktop/Turing/Mod2/projects/adopt_dont_shop_2003/config/initializers/application_controller_renderer.rb": [
        null,
        null,
        null,
        null,
        null,
        null,
        null,
        null
      ],
      "/Users/turing/Desktop/Turing/Mod2/projects/adopt_dont_shop_2003/config/initializers/assets.rb": [
        null,
        null,
        null,
        1,
        null,
        null,
        null,
        null,
        1,
        null,
        null,
        null,
        null,
        null
      ],
      "/Users/turing/Desktop/Turing/Mod2/projects/adopt_dont_shop_2003/config/initializers/backtrace_silencers.rb": [
        null,
        null,
        null,
        null,
        null,
        null,
        null
      ],
      "/Users/turing/Desktop/Turing/Mod2/projects/adopt_dont_shop_2003/config/initializers/cookies_serializer.rb": [
        null,
        null,
        null,
        null,
        1
      ],
      "/Users/turing/Desktop/Turing/Mod2/projects/adopt_dont_shop_2003/config/initializers/filter_parameter_logging.rb": [
        null,
        null,
        null,
        1
      ],
      "/Users/turing/Desktop/Turing/Mod2/projects/adopt_dont_shop_2003/config/initializers/inflections.rb": [
        null,
        null,
        null,
        null,
        null,
        null,
        null,
        null,
        null,
        null,
        null,
        null,
        null,
        null,
        null,
        null
      ],
      "/Users/turing/Desktop/Turing/Mod2/projects/adopt_dont_shop_2003/config/initializers/mime_types.rb": [
        null,
        null,
        null,
        null
      ],
      "/Users/turing/Desktop/Turing/Mod2/projects/adopt_dont_shop_2003/config/initializers/wrap_parameters.rb": [
        null,
        null,
        null,
        null,
        null,
        null,
        1,
        2,
        null,
        null,
        null,
        null,
        null,
        null
      ],
      "/Users/turing/Desktop/Turing/Mod2/projects/adopt_dont_shop_2003/config/routes.rb": [
        1,
        null,
        null,
        1,
        1,
        1,
        1,
        1,
        null,
        1,
        1,
        1,
        1,
        1,
        1,
        1,
        null,
        1,
        1,
        null,
        1,
        null
      ],
      "/Users/turing/Desktop/Turing/Mod2/projects/adopt_dont_shop_2003/app/helpers/application_helper.rb": [
        1,
        null
      ],
      "/Users/turing/Desktop/Turing/Mod2/projects/adopt_dont_shop_2003/spec/features/pets/pet_show_spec.rb": [
        1,
        null,
        1,
        1,
        1,
        null,
        null,
        null,
        null,
        null,
        1,
        null,
        null,
        null,
        null,
        null,
        null,
        null,
        1,
        1,
        1,
        1,
        1,
        1,
        1,
        null,
        1,
        1,
        null,
        null,
        null,
        null,
        null,
        1,
        null,
        null,
        null,
        null,
        null,
        null,
        null,
        1,
        1,
        1,
        null,
        null,
        null,
        null,
        null,
        null,
        null,
        null,
        null,
        null,
        null,
        null,
        null,
        null,
        null,
        null,
        null,
        null,
        null,
        null,
        null
      ],
      "/Users/turing/Desktop/Turing/Mod2/projects/adopt_dont_shop_2003/spec/features/pets/update_pet_spec.rb": [
        1,
        1,
        1,
        1,
        null,
        null,
        null,
        null,
        null,
        1,
        null,
        null,
        null,
        null,
        1,
        1,
        1,
        null,
        null,
        1,
        null,
        1,
        1,
        1,
        null,
        null,
        null,
        null,
        null,
        null,
        null,
        null,
        null,
        null,
        null,
        null,
        null,
        null,
        null,
        null,
        null,
        null
      ],
      "/Users/turing/Desktop/Turing/Mod2/projects/adopt_dont_shop_2003/spec/features/pets/user_can_see_all_pets_spec.rb": [
        1,
        1,
        1,
        1,
        null,
        null,
        null,
        null,
        1,
        null,
        null,
        null,
        null,
        null,
        1,
        null,
        null,
        null,
        null,
        null,
        1,
        null,
        null,
        null,
        null,
        null,
        1,
        null,
        1,
        1,
        1,
        1,
        1,
        null,
        1,
        1,
        1,
        1,
        1,
        null,
        null,
        1,
        1,
        null,
        null,
        null,
        null,
        null,
        1,
        null,
        null,
        null,
        null,
        null,
        null,
        1,
        1,
        1,
        null,
        1,
        1,
        1,
        1,
        null,
        null,
        1,
        1,
        null,
        null,
        null,
        null,
        null,
        1,
        null,
        null,
        null,
        null,
        null,
        null,
        1,
        null,
        null,
        null,
        null,
        1,
        1,
        1,
        null,
        1,
        1,
        null,
        null,
        1,
        1,
        null,
        null,
        null,
        null,
        null,
        1,
        null,
        null,
        null,
        null,
        null,
        null,
        1,
        1,
        1,
        null,
        null,
        null,
        null,
        null,
        null,
        null,
        null,
        null,
        null
      ],
      "/Users/turing/Desktop/Turing/Mod2/projects/adopt_dont_shop_2003/spec/features/shelter_pets/create_pet_spec.rb": [
        1,
        1,
        1,
        1,
        null,
        null,
        null,
        null,
        1,
        1,
        1,
        null,
        null,
        1,
        1,
        1,
        1,
        1,
        null,
        null,
        1,
        1,
        1,
        1,
        null,
        1,
        1,
        1,
        1,
        1,
        1,
        null,
        null,
        1,
        1,
        null,
        null,
        null,
        null,
        1,
        null,
        1,
        1,
        null,
        null
      ],
      "/Users/turing/Desktop/Turing/Mod2/projects/adopt_dont_shop_2003/spec/features/shelter_pets/shelter_pets_index_spec.rb": [
        1,
        null,
        1,
        1,
        1,
        null,
        null,
        null,
        null,
        null,
        1,
        null,
        null,
        null,
        null,
        null,
        1,
        null,
        null,
        null,
        null,
        null,
        1,
        null,
        1,
        1,
        1,
        1,
        1,
        null,
        null,
        1,
        1,
        1,
        1,
        null,
        null,
        null,
        1,
        1,
        null,
        null,
        null,
        null,
        null,
        null,
        1,
        null,
        1,
        1,
        null,
        null
      ],
      "/Users/turing/Desktop/Turing/Mod2/projects/adopt_dont_shop_2003/spec/features/shelters/user_can_create_new_shelter_spec.rb": [
        1,
        null,
        1,
        1,
        1,
        1,
        1,
        null,
        1,
        1,
        1,
        1,
        1,
        null,
        1,
        1,
        1,
        1,
        null,
        1,
        1,
        1,
        1,
        1,
        null,
        null,
        1,
        null,
        1,
        null,
        1,
        1,
        null,
        null,
        null
      ],
      "/Users/turing/Desktop/Turing/Mod2/projects/adopt_dont_shop_2003/spec/features/shelters/user_can_delete_shelter_spec.rb": [
        1,
        1,
        1,
        1,
        1,
        null,
        1,
        1,
        null,
        1,
        null,
        1,
        null,
        1,
        1,
        1,
        null,
        null,
        null,
        null,
        null,
        null,
        null,
        null,
        null,
        null,
        null,
        null,
        null,
        null,
        null
      ],
      "/Users/turing/Desktop/Turing/Mod2/projects/adopt_dont_shop_2003/spec/features/shelters/user_can_see_all_shelters_spec.rb": [
        1,
        null,
        1,
        1,
        1,
        1,
        null,
        1,
        null,
        1,
        1,
        null,
        null,
        1,
        1,
        1,
        null,
        1,
        1,
        1,
        null,
        1,
        1,
        1,
        1,
        1,
        null,
        null,
        1,
        1,
        1,
        null,
        1,
        1,
        1,
        null,
        1,
        1,
        null,
        null,
        null,
        1,
        null,
        1,
        null,
        1,
        1,
        null,
        null
      ],
      "/Users/turing/Desktop/Turing/Mod2/projects/adopt_dont_shop_2003/spec/features/shelters/user_can_show_shelter_and_info_spec.rb": [
        1,
        1,
        1,
        1,
        1,
        1,
        1,
        1,
        1,
        1,
        1,
        null,
        1,
        1,
        1,
        1,
        1,
        1,
        null,
        null,
        1,
        1,
        null,
        1,
        null,
        1,
        1,
        null,
        null
      ],
      "/Users/turing/Desktop/Turing/Mod2/projects/adopt_dont_shop_2003/spec/features/shelters/user_can_update_shelter_spec.rb": [
        1,
        null,
        1,
        1,
        null,
        1,
        null,
        1,
        1,
        1,
        1,
        null,
        1,
        1,
        null,
        null,
        1,
        1,
        null,
        1,
        null,
        1,
        1,
        null,
        null
      ],
      "/Users/turing/Desktop/Turing/Mod2/projects/adopt_dont_shop_2003/app/models/shelter.rb": [
        1,
        1,
        null,
        null,
        null,
        null,
        1,
        null
      ],
      "/Users/turing/Desktop/Turing/Mod2/projects/adopt_dont_shop_2003/app/models/application_record.rb": [
        1,
        1,
        null
      ],
      "/Users/turing/Desktop/Turing/Mod2/projects/adopt_dont_shop_2003/app/models/pet.rb": [
        1,
        1,
        null,
        1,
        null
      ],
      "/Users/turing/Desktop/Turing/Mod2/projects/adopt_dont_shop_2003/app/controllers/pets_controller.rb": [
        1,
        null,
        1,
        14,
        null,
        null,
        1,
        7,
        null,
        null,
        1,
        2,
        null,
        null,
        1,
        2,
        2,
        2,
        null,
        null,
        1,
        2,
        2,
        null,
        null,
        null,
        1,
        1,
        2,
        null,
        null
      ],
      "/Users/turing/Desktop/Turing/Mod2/projects/adopt_dont_shop_2003/app/controllers/application_controller.rb": [
        1,
        1,
        null
      ],
      "/Users/turing/Desktop/Turing/Mod2/projects/adopt_dont_shop_2003/app/controllers/shelter_pets_controller.rb": [
        1,
        null,
        1,
        4,
        null,
        null,
        1,
        2,
        null,
        null,
        1,
        1,
        1,
        null,
        null,
        1,
        0,
        0,
        null,
        null,
        1,
        1,
        1,
        null,
        null,
        null
      ],
      "/Users/turing/Desktop/Turing/Mod2/projects/adopt_dont_shop_2003/app/controllers/shelters_controller.rb": [
        1,
        1,
        10,
        null,
        null,
        1,
        7,
        null,
        null,
        1,
        null,
        null,
        1,
        1,
        1,
        null,
        null,
        1,
        3,
        null,
        null,
        1,
        2,
        2,
        2,
        null,
        null,
        1,
        2,
        2,
        null,
        null,
        1,
        1,
        3,
        null,
        null,
        null
      ]
    },
    "timestamp": 1589151376
  }
}
